Copyright 1986-2016 Xilinx, Inc. All Rights Reserved.
----------------------------------------------------------------------------------------------------------------------------------------
| Tool Version     : Vivado v.2016.2 (lin64) Build 1577090 Thu Jun  2 16:32:35 MDT 2016
| Date             : Tue Dec 12 13:43:47 2017
| Host             : eecs-digital-09 running 64-bit Ubuntu 14.04.5 LTS
| Command          : report_power -file labkit_power_routed.rpt -pb labkit_power_summary_routed.pb -rpx labkit_power_routed.rpx
| Design           : labkit
| Device           : xc7a100tcsg324-3
| Design State     : routed
| Grade            : extended
| Process          : typical
| Characterization : Production
----------------------------------------------------------------------------------------------------------------------------------------

Power Report

Table of Contents
-----------------
1. Summary
1.1 On-Chip Components
1.2 Power Supply Summary
1.3 Confidence Level
2. Settings
2.1 Environment
2.2 Clock Constraints
3. Detailed Reports
3.1 By Hierarchy

1. Summary
----------

+--------------------------+-------+
| Total On-Chip Power (W)  | 0.296 |
| Dynamic (W)              | 0.198 |
| Device Static (W)        | 0.098 |
| Effective TJA (C/W)      | 4.6   |
| Max Ambient (C)          | 98.7  |
| Junction Temperature (C) | 26.3  |
| Confidence Level         | Low   |
| Setting File             | ---   |
| Simulation Activity File | ---   |
| Design Nets Matched      | NA    |
+--------------------------+-------+


1.1 On-Chip Components
----------------------

+----------------+-----------+----------+-----------+-----------------+
| On-Chip        | Power (W) | Used     | Available | Utilization (%) |
+----------------+-----------+----------+-----------+-----------------+
| Clocks         |    <0.001 |        3 |       --- |             --- |
| Slice Logic    |     0.086 |    83442 |       --- |             --- |
|   LUT as Logic |     0.084 |    56701 |     63400 |           89.43 |
|   CARRY4       |     0.001 |     5307 |     15850 |           33.48 |
|   Register     |     0.001 |    13106 |    126800 |           10.34 |
|   F7/F8 Muxes  |    <0.001 |     3981 |     63400 |            6.28 |
|   BUFG         |    <0.001 |        1 |        32 |            3.13 |
|   Others       |     0.000 |      515 |       --- |             --- |
| Signals        |     0.094 |    48106 |       --- |             --- |
| DSPs           |     0.016 |       40 |       240 |           16.67 |
| I/O            |     0.002 |       48 |       210 |           22.86 |
| Static Power   |     0.098 |          |           |                 |
| Total          |     0.296 |          |           |                 |
+----------------+-----------+----------+-----------+-----------------+


1.2 Power Supply Summary
------------------------

+-----------+-------------+-----------+-------------+------------+
| Source    | Voltage (V) | Total (A) | Dynamic (A) | Static (A) |
+-----------+-------------+-----------+-------------+------------+
| Vccint    |       1.000 |     0.212 |       0.196 |      0.016 |
| Vccaux    |       1.800 |     0.018 |       0.000 |      0.018 |
| Vcco33    |       3.300 |     0.005 |       0.001 |      0.004 |
| Vcco25    |       2.500 |     0.000 |       0.000 |      0.000 |
| Vcco18    |       1.800 |     0.000 |       0.000 |      0.000 |
| Vcco15    |       1.500 |     0.000 |       0.000 |      0.000 |
| Vcco135   |       1.350 |     0.000 |       0.000 |      0.000 |
| Vcco12    |       1.200 |     0.000 |       0.000 |      0.000 |
| Vccaux_io |       1.800 |     0.000 |       0.000 |      0.000 |
| Vccbram   |       1.000 |     0.000 |       0.000 |      0.000 |
| MGTAVcc   |       1.000 |     0.000 |       0.000 |      0.000 |
| MGTAVtt   |       1.200 |     0.000 |       0.000 |      0.000 |
| Vccadc    |       1.800 |     0.020 |       0.000 |      0.020 |
+-----------+-------------+-----------+-------------+------------+


1.3 Confidence Level
--------------------

+-----------------------------+------------+-------------------------------------------------------+--------------------------------------------------------------------------------------------------------------------+
| User Input Data             | Confidence | Details                                               | Action                                                                                                             |
+-----------------------------+------------+-------------------------------------------------------+--------------------------------------------------------------------------------------------------------------------+
| Design implementation state | High       | Design is routed                                      |                                                                                                                    |
| Clock nodes activity        | Low        | User specified less than 75% of clocks                | Provide missing clock activity with a constraint file, simulation results or by editing the "By Clock Domain" view |
| I/O nodes activity          | Medium     | More than 5% of inputs are missing user specification | Provide missing input activity with simulation results or by editing the "By Resource Type -> I/Os" view           |
| Internal nodes activity     | Medium     | User specified less than 25% of internal nodes        | Provide missing internal nodes activity with simulation results or by editing the "By Resource Type" views         |
| Device models               | High       | Device models are Production                          |                                                                                                                    |
|                             |            |                                                       |                                                                                                                    |
| Overall confidence level    | Low        |                                                       |                                                                                                                    |
+-----------------------------+------------+-------------------------------------------------------+--------------------------------------------------------------------------------------------------------------------+


2. Settings
-----------

2.1 Environment
---------------

+-----------------------+--------------------------+
| Ambient Temp (C)      | 25.0                     |
| ThetaJA (C/W)         | 4.6                      |
| Airflow (LFM)         | 250                      |
| Heat Sink             | medium (Medium Profile)  |
| ThetaSA (C/W)         | 4.6                      |
| Board Selection       | medium (10"x10")         |
| # of Board Layers     | 12to15 (12 to 15 Layers) |
| Board Temperature (C) | 25.0                     |
+-----------------------+--------------------------+


2.2 Clock Constraints
---------------------

+-------------+-----------+-----------------+
| Clock       | Domain    | Constraint (ns) |
+-------------+-----------+-----------------+
| sys_clk_pin | CLK100MHZ |            10.0 |
+-------------+-----------+-----------------+


3. Detailed Reports
-------------------

3.1 By Hierarchy
----------------

+-----------------------------+-----------+
| Name                        | Power (W) |
+-----------------------------+-----------+
| labkit                      |     0.198 |
|   builder                   |     0.029 |
|     change_blocked          |     0.004 |
|     display_blocked         |    <0.001 |
|     food_display            |    <0.001 |
|       nolabel_line39        |    <0.001 |
|       nolabel_line44        |    <0.001 |
|       nolabel_line49        |    <0.001 |
|       nolabel_line54        |    <0.001 |
|       nolabel_line59        |    <0.001 |
|       nolabel_line64        |    <0.001 |
|       nolabel_line69        |    <0.001 |
|     user_grid               |    <0.001 |
|   centerbutton              |    <0.001 |
|   clockgen                  |    <0.001 |
|   controler1                |    <0.001 |
|     clock                   |    <0.001 |
|   controler2                |    <0.001 |
|     clock                   |    <0.001 |
|   display                   |    <0.001 |
|   nolabel_line230           |    <0.001 |
|     life_1                  |    <0.001 |
|   nolabel_line250           |    <0.001 |
|     life_1                  |    <0.001 |
|   nolabel_line94            |     0.001 |
|     nolabel_line100         |    <0.001 |
|     nolabel_line104         |    <0.001 |
|     nolabel_line107         |    <0.001 |
|     nolabel_line110         |    <0.001 |
|     nolabel_line113         |    <0.001 |
|     nolabel_line116         |    <0.001 |
|     nolabel_line122         |    <0.001 |
|     nolabel_line139         |    <0.001 |
|     nolabel_line142         |    <0.001 |
|     nolabel_line145         |    <0.001 |
|     nolabel_line148         |    <0.001 |
|     nolabel_line151         |    <0.001 |
|     nolabel_line154         |    <0.001 |
|     nolabel_line159         |    <0.001 |
|     nolabel_line162         |    <0.001 |
|     nolabel_line165         |    <0.001 |
|     nolabel_line168         |    <0.001 |
|     nolabel_line171         |    <0.001 |
|     nolabel_line175         |    <0.001 |
|     nolabel_line193         |    <0.001 |
|     nolabel_line196         |    <0.001 |
|     nolabel_line199         |    <0.001 |
|     nolabel_line202         |    <0.001 |
|     nolabel_line205         |    <0.001 |
|     nolabel_line209         |    <0.001 |
|     nolabel_line212         |    <0.001 |
|     nolabel_line215         |    <0.001 |
|     nolabel_line218         |    <0.001 |
|     nolabel_line221         |    <0.001 |
|     nolabel_line224         |    <0.001 |
|     nolabel_line227         |    <0.001 |
|     nolabel_line232         |    <0.001 |
|     nolabel_line242         |    <0.001 |
|     nolabel_line247         |    <0.001 |
|     nolabel_line39          |    <0.001 |
|     nolabel_line42          |    <0.001 |
|     nolabel_line45          |    <0.001 |
|     nolabel_line48          |    <0.001 |
|     nolabel_line51          |    <0.001 |
|     nolabel_line54          |    <0.001 |
|     nolabel_line57          |    <0.001 |
|     nolabel_line60          |    <0.001 |
|     nolabel_line79          |    <0.001 |
|     nolabel_line82          |    <0.001 |
|     nolabel_line85          |    <0.001 |
|     nolabel_line88          |    <0.001 |
|     nolabel_line91          |    <0.001 |
|     nolabel_line94          |    <0.001 |
|     nolabel_line97          |    <0.001 |
|   player1                   |     0.039 |
|     blue_ghost              |    <0.001 |
|       gdr                   |    <0.001 |
|       gdt                   |    <0.001 |
|       ged                   |    <0.001 |
|       gel                   |    <0.001 |
|       ger                   |    <0.001 |
|       geu                   |    <0.001 |
|       glr                   |    <0.001 |
|       glt                   |    <0.001 |
|       grr                   |    <0.001 |
|       grt                   |    <0.001 |
|       gsbr                  |    <0.001 |
|       gsbt                  |    <0.001 |
|       gur                   |    <0.001 |
|       gut                   |    <0.001 |
|     blue_move_smart         |     0.006 |
|       divider_400mhz        |    <0.001 |
|       one_second_divider    |    <0.001 |
|     blueghost_move          |     0.003 |
|     food_display            |     0.001 |
|       nolabel_line39        |    <0.001 |
|       nolabel_line44        |    <0.001 |
|       nolabel_line49        |    <0.001 |
|       nolabel_line54        |    <0.001 |
|       nolabel_line59        |    <0.001 |
|       nolabel_line64        |    <0.001 |
|       nolabel_line69        |    <0.001 |
|     green_ghost             |    <0.001 |
|       gdr                   |    <0.001 |
|       gdt                   |    <0.001 |
|       ged                   |    <0.001 |
|       gel                   |    <0.001 |
|       ger                   |    <0.001 |
|       geu                   |    <0.001 |
|       glr                   |    <0.001 |
|       glt                   |    <0.001 |
|       grr                   |    <0.001 |
|       grt                   |    <0.001 |
|       gsbr                  |    <0.001 |
|       gsbt                  |    <0.001 |
|       gur                   |    <0.001 |
|       gut                   |    <0.001 |
|     green_move_smart        |     0.005 |
|       divider_400mhz        |    <0.001 |
|       one_second_divider    |    <0.001 |
|     greenghost_move         |     0.002 |
|     nolabel_line541         |    <0.001 |
|     nolabel_line544         |    <0.001 |
|     nolabel_line547         |    <0.001 |
|     nolabel_line550         |    <0.001 |
|     nolabel_line553         |    <0.001 |
|     nolabel_line558         |    <0.001 |
|     nolabel_line561         |    <0.001 |
|     nolabel_line564         |    <0.001 |
|     nolabel_line567         |    <0.001 |
|     nolabel_line570         |    <0.001 |
|     pacman_move             |     0.002 |
|     pink_move_smart         |     0.006 |
|       divider_400mhz        |    <0.001 |
|       one_second_divider    |    <0.001 |
|     pinkghost_move          |    <0.001 |
|     player                  |    <0.001 |
|       eighth_second_divider |    <0.001 |
|       pd1                   |    <0.001 |
|       pd10                  |    <0.001 |
|       pd11                  |    <0.001 |
|       pd2                   |    <0.001 |
|       pd3                   |    <0.001 |
|       pd4                   |    <0.001 |
|       pd5                   |    <0.001 |
|       pd6                   |    <0.001 |
|       pd7                   |    <0.001 |
|       pd8                   |    <0.001 |
|       pd9                   |    <0.001 |
|       pdm0                  |    <0.001 |
|       pdm1                  |    <0.001 |
|       pdm2                  |    <0.001 |
|       pdm3                  |    <0.001 |
|       plm0                  |    <0.001 |
|       plm1                  |    <0.001 |
|       plm2                  |    <0.001 |
|       plm3                  |    <0.001 |
|       pmc                   |    <0.001 |
|       prm0                  |    <0.001 |
|       prm1                  |    <0.001 |
|       prm2                  |    <0.001 |
|       prm3                  |    <0.001 |
|       pum0                  |    <0.001 |
|       pum1                  |    <0.001 |
|       pum2                  |    <0.001 |
|       pum3                  |    <0.001 |
|     specials_timer          |    <0.001 |
|       one_hz                |    <0.001 |
|     timer1                  |    <0.001 |
|       one_hz                |    <0.001 |
|   player2                   |     0.042 |
|     blue_ghost              |    <0.001 |
|       gdr                   |    <0.001 |
|       gdt                   |    <0.001 |
|       ged                   |    <0.001 |
|       gel                   |    <0.001 |
|       ger                   |    <0.001 |
|       geu                   |    <0.001 |
|       glr                   |    <0.001 |
|       glt                   |    <0.001 |
|       grr                   |    <0.001 |
|       grt                   |    <0.001 |
|       gsbr                  |    <0.001 |
|       gsbt                  |    <0.001 |
|       gur                   |    <0.001 |
|       gut                   |    <0.001 |
|     blue_move_smart         |     0.006 |
|       divider_400mhz        |    <0.001 |
|       one_second_divider    |    <0.001 |
|     blueghost_move          |     0.003 |
|     food_display            |     0.001 |
|       nolabel_line39        |    <0.001 |
|       nolabel_line44        |    <0.001 |
|       nolabel_line49        |    <0.001 |
|       nolabel_line54        |    <0.001 |
|       nolabel_line59        |    <0.001 |
|       nolabel_line64        |    <0.001 |
|       nolabel_line69        |    <0.001 |
|     green_ghost             |    <0.001 |
|       gdr                   |    <0.001 |
|       gdt                   |    <0.001 |
|       ged                   |    <0.001 |
|       gel                   |    <0.001 |
|       ger                   |    <0.001 |
|       geu                   |    <0.001 |
|       glr                   |    <0.001 |
|       glt                   |    <0.001 |
|       grr                   |    <0.001 |
|       grt                   |    <0.001 |
|       gsbr                  |    <0.001 |
|       gsbt                  |    <0.001 |
|       gur                   |    <0.001 |
|       gut                   |    <0.001 |
|     green_move_smart        |     0.004 |
|       divider_400mhz        |    <0.001 |
|       one_second_divider    |    <0.001 |
|     greenghost_move         |     0.003 |
|     nolabel_line541         |    <0.001 |
|     nolabel_line544         |    <0.001 |
|     nolabel_line547         |    <0.001 |
|     nolabel_line550         |    <0.001 |
|     nolabel_line553         |    <0.001 |
|     nolabel_line558         |    <0.001 |
|     nolabel_line561         |    <0.001 |
|     nolabel_line564         |    <0.001 |
|     nolabel_line567         |    <0.001 |
|     nolabel_line570         |    <0.001 |
|     pacman_move             |     0.003 |
|     pink_move_smart         |     0.007 |
|       divider_400mhz        |    <0.001 |
|       one_second_divider    |    <0.001 |
|     pinkghost_move          |     0.001 |
|     player                  |    <0.001 |
|       eighth_second_divider |    <0.001 |
|       pd1                   |    <0.001 |
|       pd10                  |    <0.001 |
|       pd11                  |    <0.001 |
|       pd2                   |    <0.001 |
|       pd3                   |    <0.001 |
|       pd4                   |    <0.001 |
|       pd5                   |    <0.001 |
|       pd6                   |    <0.001 |
|       pd7                   |    <0.001 |
|       pd8                   |    <0.001 |
|       pd9                   |    <0.001 |
|       pdm0                  |    <0.001 |
|       pdm1                  |    <0.001 |
|       pdm2                  |    <0.001 |
|       pdm3                  |    <0.001 |
|       plm0                  |    <0.001 |
|       plm1                  |    <0.001 |
|       plm2                  |    <0.001 |
|       plm3                  |    <0.001 |
|       pmc                   |    <0.001 |
|       prm0                  |    <0.001 |
|       prm1                  |    <0.001 |
|       prm2                  |    <0.001 |
|       prm3                  |    <0.001 |
|       pum0                  |    <0.001 |
|       pum1                  |    <0.001 |
|       pum2                  |    <0.001 |
|       pum3                  |    <0.001 |
|     specials_timer          |    <0.001 |
|       one_hz                |    <0.001 |
|     timer1                  |    <0.001 |
|       one_hz                |    <0.001 |
|   vga1                      |     0.080 |
+-----------------------------+-----------+


